[2025-10-13T10:21:30.237+0000] {local_task_job_runner.py:123} INFO - ::group::Pre task execution logs
[2025-10-13T10:21:30.285+0000] {taskinstance.py:2603} INFO - Dependencies all met for dep_context=non-requeueable deps ti=<TaskInstance: LocalIngestionDAG.get_data_task manual__2025-10-13T10:21:20.070061+00:00 [queued]>
[2025-10-13T10:21:30.304+0000] {taskinstance.py:2603} INFO - Dependencies all met for dep_context=requeueable deps ti=<TaskInstance: LocalIngestionDAG.get_data_task manual__2025-10-13T10:21:20.070061+00:00 [queued]>
[2025-10-13T10:21:30.307+0000] {taskinstance.py:2856} INFO - Starting attempt 1 of 1
[2025-10-13T10:21:30.335+0000] {taskinstance.py:2879} INFO - Executing <Task(PythonOperator): get_data_task> on 2025-10-13 10:21:20.070061+00:00
[2025-10-13T10:21:30.349+0000] {warnings.py:112} WARNING - /home/***/.local/lib/python3.12/site-packages/***/task/task_runner/standard_task_runner.py:70: DeprecationWarning: This process (pid=3665) is multi-threaded, use of fork() may lead to deadlocks in the child.
  pid = os.fork()

[2025-10-13T10:21:30.353+0000] {standard_task_runner.py:72} INFO - Started process 3666 to run task
[2025-10-13T10:21:30.355+0000] {standard_task_runner.py:104} INFO - Running: ['***', 'tasks', 'run', 'LocalIngestionDAG', 'get_data_task', 'manual__2025-10-13T10:21:20.070061+00:00', '--job-id', '86', '--raw', '--subdir', 'DAGS_FOLDER/ingest_to_db.py', '--cfg-path', '/tmp/tmp472_kblb']
[2025-10-13T10:21:30.362+0000] {standard_task_runner.py:105} INFO - Job 86: Subtask get_data_task
[2025-10-13T10:21:30.505+0000] {task_command.py:467} INFO - Running <TaskInstance: LocalIngestionDAG.get_data_task manual__2025-10-13T10:21:20.070061+00:00 [running]> on host 1fb6d74705f4
[2025-10-13T10:21:30.644+0000] {taskinstance.py:3122} INFO - Exporting env vars: AIRFLOW_CTX_DAG_OWNER='***' AIRFLOW_CTX_DAG_ID='LocalIngestionDAG' AIRFLOW_CTX_TASK_ID='get_data_task' AIRFLOW_CTX_EXECUTION_DATE='2025-10-13T10:21:20.070061+00:00' AIRFLOW_CTX_TRY_NUMBER='1' AIRFLOW_CTX_DAG_RUN_ID='manual__2025-10-13T10:21:20.070061+00:00'
[2025-10-13T10:21:30.647+0000] {taskinstance.py:731} INFO - ::endgroup::
[2025-10-13T10:21:31.394+0000] {logging_mixin.py:190} INFO - https://api.aviationstack.com/v1/airplanes?limit=1&offset=939&access_key=0b2975d7a8b55cefc9c837abf63c1bc4
[2025-10-13T10:21:31.785+0000] {logging_mixin.py:190} INFO - {'id': '9586630', 'iata_type': 'A320-200', 'airplane_id': '940', 'airline_iata_code': '6E', 'iata_code_long': 'A320', 'iata_code_short': '320', 'airline_icao_code': None, 'construction_number': '4954', 'delivery_date': '2011-12-07T23:00:00.000Z', 'engines_count': '2', 'engines_type': 'JET', 'first_flight_date': '2011-11-27T23:00:00.000Z', 'icao_code_hex': '80064F', 'line_number': None, 'model_code': 'A320-232', 'registration_number': 'VT-IEN', 'test_registration_number': 'D-AXAV', 'plane_age': '5', 'plane_class': None, 'model_name': 'A320', 'plane_owner': None, 'plane_series': '232', 'plane_status': 'active', 'production_line': 'Airbus A318/A319/A32', 'registration_date': '2011-12-07T23:00:00.000Z', 'rollout_date': '2000-11-10T23:00:00.000Z'}
[2025-10-13T10:21:31.990+0000] {logging_mixin.py:190} INFO - {'photos': [{'id': '1259131', 'thumbnail': {'src': 'https://t.plnspttrs.net/39814/1259131_42e6687dc2_t.jpg', 'size': {'width': 200, 'height': 133}}, 'thumbnail_large': {'src': 'https://t.plnspttrs.net/39814/1259131_42e6687dc2_280.jpg', 'size': {'width': 418, 'height': 280}}, 'link': 'https://www.planespotters.net/photo/1259131/vt-ien-goshawk-aviation-airbus-a320-232?utm_source=api', 'photographer': 'Josh Knights'}]}
[2025-10-13T10:21:31.991+0000] {logging_mixin.py:190} INFO - {'engines_count': '2', 'engines_type': 'JET', 'first_flight_date': '2011-11-27T23:00:00.000Z', 'owner': None, 'registration_number': 'VT-IEN', 'model': 'A320-232', 'production_line': 'Airbus A318/A319/A32', 'status': 'active', 'image': 'https://t.plnspttrs.net/39814/1259131_42e6687dc2_280.jpg', 'photographer': 'Josh Knights'}
[2025-10-13T10:21:31.992+0000] {logging_mixin.py:190} INFO - {'date': '13-10-2025', 'kanye': 'Style is genderless', 'catFact': 'A happy cat holds her tail high and steady.', 'catImg': 'https://cataas.com/cat/RP2mBNByfuEQfHM0?position=center', 'plane': {'engines_count': '2', 'engines_type': 'JET', 'first_flight_date': '2011-11-27T23:00:00.000Z', 'owner': None, 'registration_number': 'VT-IEN', 'model': 'A320-232', 'production_line': 'Airbus A318/A319/A32', 'status': 'active', 'image': 'https://t.plnspttrs.net/39814/1259131_42e6687dc2_280.jpg', 'photographer': 'Josh Knights'}}
[2025-10-13T10:21:31.993+0000] {python.py:240} INFO - Done. Returned value was: {'content': {'date': '13-10-2025', 'kanye': 'Style is genderless', 'catFact': 'A happy cat holds her tail high and steady.', 'catImg': 'https://cataas.com/cat/RP2mBNByfuEQfHM0?position=center', 'plane': {'engines_count': '2', 'engines_type': 'JET', 'first_flight_date': '2011-11-27T23:00:00.000Z', 'owner': None, 'registration_number': 'VT-IEN', 'model': 'A320-232', 'production_line': 'Airbus A318/A319/A32', 'status': 'active', 'image': 'https://t.plnspttrs.net/39814/1259131_42e6687dc2_280.jpg', 'photographer': 'Josh Knights'}}, 'filename': 'data_13-10-2025.json'}
[2025-10-13T10:21:32.041+0000] {taskinstance.py:340} INFO - ::group::Post task execution logs
[2025-10-13T10:21:32.042+0000] {taskinstance.py:352} INFO - Marking task as SUCCESS. dag_id=LocalIngestionDAG, task_id=get_data_task, run_id=manual__2025-10-13T10:21:20.070061+00:00, execution_date=20251013T102120, start_date=20251013T102130, end_date=20251013T102132
[2025-10-13T10:21:32.106+0000] {local_task_job_runner.py:261} INFO - Task exited with return code 0
[2025-10-13T10:21:32.160+0000] {taskinstance.py:3891} INFO - 1 downstream tasks scheduled from follow-on schedule check
[2025-10-13T10:21:32.163+0000] {local_task_job_runner.py:240} INFO - ::endgroup::
